ERC report (2026-03-02T22:17:17-0500, Encoding UTF8)

***** Sheet /
[pin_not_connected]: Pin not connected
    ; error
    @(326.39 mm, 180.34 mm): Symbol J304 Pin 4 [Pin_4, Passive, Line]
[wire_dangling]: Wires not connected to anything
    ; error
    @(326.39 mm, 180.34 mm): Horizontal Wire, length 3.81 mm
[multiple_net_names]: Both COL0 and ROW4 are attached to the same items; COL0 will be used in the netlist
    ; warning
    @(69.85 mm, 35.56 mm): Global Label 'COL0'
    @(97.79 mm, 115.57 mm): Global Label 'ROW4'
[global_label_dangling]: Global label not connected anywhere else in the schematic
    ; warning
    @(322.58 mm, 177.80 mm): Global Label 'SPI_MISO'
[unconnected_wire_endpoint]: Unconnected wire endpoint
    ; warning
    @(326.39 mm, 180.34 mm): Horizontal Wire, length 3.81 mm
[unconnected_wire_endpoint]: Unconnected wire endpoint
    ; warning
    @(346.71 mm, 149.86 mm): Horizontal Wire, length 5.08 mm

 ** ERC messages: 6  Errors 2  Warnings 4
