ERC report (2026-03-02T22:16:35-0500, Encoding UTF8)

***** Sheet /
[wire_dangling]: Wires not connected to anything
    ; error
    @(27.94 mm, 95.25 mm): Horizontal Wire, length 6.35 mm
[pin_not_connected]: Pin not connected
    ; error
    @(34.29 mm, 95.25 mm): Symbol SW12 Pin 1 [1, Passive, Line]
[pin_not_connected]: Pin not connected
    ; error
    @(133.35 mm, 74.93 mm): Symbol D9 Pin 2 [A, Passive, Line]
[pin_not_connected]: Pin not connected
    ; error
    @(139.70 mm, 74.93 mm): Symbol SW10 Pin 1 [1, Passive, Line]
[unconnected_wire_endpoint]: Unconnected wire endpoint
    ; warning
    @(27.94 mm, 95.25 mm): Horizontal Wire, length 6.35 mm
[multiple_net_names]: Both COL0 and ROW3 are attached to the same items; COL0 will be used in the netlist
    ; warning
    @(69.85 mm, 35.56 mm): Global Label 'COL0'
    @(63.50 mm, 95.25 mm): Global Label 'ROW3'
[no_connect_connected]: A pin with a "no connection" flag is connected
    ; warning
    @(359.41 mm, 171.45 mm): Symbol J401 Pin 1 [Pin_1, Passive, Line]
    @(346.71 mm, 149.86 mm): No Connect

 ** ERC messages: 7  Errors 4  Warnings 3
