ERC report (2026-03-02T22:17:52-0500, Encoding UTF8)

***** Sheet /
[wire_dangling]: Wires not connected to anything
    ; error
    @(99.06 mm, 115.57 mm): Horizontal Wire, length 6.35 mm
    @(97.79 mm, 115.57 mm): Horizontal Wire, length 7.62 mm
[pin_not_connected]: Pin not connected
    ; error
    @(326.39 mm, 177.80 mm): Symbol J304 Pin 3 [Pin_3, Passive, Line]
[wire_dangling]: Wires not connected to anything
    ; error
    @(326.39 mm, 177.80 mm): Horizontal Wire, length 3.81 mm
[unconnected_wire_endpoint]: Unconnected wire endpoint
    ; warning
    @(97.79 mm, 115.57 mm): Horizontal Wire, length 7.62 mm
[multiple_net_names]: Both COL0 and COL2 are attached to the same items; COL0 will be used in the netlist
    ; warning
    @(69.85 mm, 35.56 mm): Global Label 'COL0'
    @(139.70 mm, 115.57 mm): Global Label 'COL2'
[unconnected_wire_endpoint]: Unconnected wire endpoint
    ; warning
    @(326.39 mm, 177.80 mm): Horizontal Wire, length 3.81 mm
[global_label_dangling]: Global label not connected anywhere else in the schematic
    ; warning
    @(341.63 mm, 149.86 mm): Global Label '5V_SYS'

 ** ERC messages: 7  Errors 3  Warnings 4
