ERC report (2026-03-02T22:13:21-0500, Encoding UTF8)

***** Sheet /
[wire_dangling]: Wires not connected to anything
    ; error
    @(27.94 mm, 54.61 mm): Horizontal Wire, length 6.35 mm
[pin_not_connected]: Pin not connected
    ; error
    @(34.29 mm, 54.61 mm): Symbol SW2 Pin 1 [1, Passive, Line]
[pin_not_connected]: Pin not connected
    ; error
    @(326.39 mm, 163.83 mm): Symbol J303 Pin 1 [Pin_1, Passive, Line]
[wire_dangling]: Wires not connected to anything
    ; error
    @(326.39 mm, 163.83 mm): Horizontal Wire, length 3.81 mm
[unconnected_wire_endpoint]: Unconnected wire endpoint
    ; warning
    @(27.94 mm, 54.61 mm): Horizontal Wire, length 6.35 mm
[multiple_net_names]: Both COL0 and ROW1 are attached to the same items; COL0 will be used in the netlist
    ; warning
    @(69.85 mm, 35.56 mm): Global Label 'COL0'
    @(63.50 mm, 54.61 mm): Global Label 'ROW1'
[unconnected_wire_endpoint]: Unconnected wire endpoint
    ; warning
    @(284.48 mm, 58.42 mm): Horizontal Wire, length 3.81 mm
[global_label_dangling]: Global label not connected anywhere else in the schematic
    ; warning
    @(280.67 mm, 152.40 mm): Global Label 'GND'
[unconnected_wire_endpoint]: Unconnected wire endpoint
    ; warning
    @(326.39 mm, 163.83 mm): Horizontal Wire, length 3.81 mm
[no_connect_dangling]: Unconnected "no connection" flag
    ; warning
    @(326.39 mm, 170.18 mm): No Connect

 ** ERC messages: 10  Errors 4  Warnings 6
