ERC report (2026-03-02T22:16:32-0500, Encoding UTF8)

***** Sheet /
[pin_not_connected]: Pin not connected
    ; error
    @(99.06 mm, 54.61 mm): Symbol D3 Pin 2 [A, Passive, Line]
[pin_not_connected]: Pin not connected
    ; error
    @(105.41 mm, 54.61 mm): Symbol SW4 Pin 1 [1, Passive, Line]
[pin_not_connected]: Pin not connected
    ; error
    @(203.20 mm, 54.61 mm): Symbol D6 Pin 2 [A, Passive, Line]
[wire_dangling]: Wires not connected to anything
    ; error
    @(203.20 mm, 54.61 mm): Horizontal Wire, length 6.35 mm
[multiple_net_names]: Both COL0 and ROW2 are attached to the same items; COL0 will be used in the netlist
    ; warning
    @(69.85 mm, 35.56 mm): Global Label 'COL0'
    @(27.94 mm, 74.93 mm): Global Label 'ROW2'
[unconnected_wire_endpoint]: Unconnected wire endpoint
    ; warning
    @(203.20 mm, 54.61 mm): Horizontal Wire, length 6.35 mm

 ** ERC messages: 6  Errors 4  Warnings 2
