ERC report (2026-03-02T22:17:53-0500, Encoding UTF8)

***** Sheet /
[wire_dangling]: Wires not connected to anything
    ; error
    @(27.94 mm, 134.62 mm): Horizontal Wire, length 6.35 mm
[pin_not_connected]: Pin not connected
    ; error
    @(34.29 mm, 134.62 mm): Symbol SW22 Pin 1 [1, Passive, Line]
[pin_not_connected]: Pin not connected
    ; error
    @(133.35 mm, 115.57 mm): Symbol D19 Pin 2 [A, Passive, Line]
[pin_not_connected]: Pin not connected
    ; error
    @(139.70 mm, 115.57 mm): Symbol SW20 Pin 1 [1, Passive, Line]
[unconnected_wire_endpoint]: Unconnected wire endpoint
    ; warning
    @(27.94 mm, 134.62 mm): Horizontal Wire, length 6.35 mm
[multiple_net_names]: Both COL0 and ROW5 are attached to the same items; COL0 will be used in the netlist
    ; warning
    @(69.85 mm, 35.56 mm): Global Label 'COL0'
    @(63.50 mm, 134.62 mm): Global Label 'ROW5'

 ** ERC messages: 6  Errors 4  Warnings 2
