Drill report for Macropad.kicad_pcb
Created on 2026-02-28T22:53:38-0500

Copper Layer Stackup:
    =============================================================
    L1 :  F.Cu                      front
    L2 :  B.Cu                      back


Drill file 'Macropad-PTH.drl' contains
    plated through holes:
    =============================================================
    T1  0.400mm  0.0157"  (10 holes)
    T2  0.600mm  0.0236"  (4 holes)  (with 4 slots)
    T3  0.800mm  0.0315"  (54 holes)
    T4  1.000mm  0.0394"  (24 holes)
    T5  3.000mm  0.1181"  (52 holes)

    Total plated holes count 144


Drill file 'Macropad-NPTH.drl' contains
    unplated through holes:
    =============================================================
    T1  1.750mm  0.0689"  (52 holes)
    T2  3.200mm  0.1260"  (4 holes)
    T3  4.000mm  0.1575"  (26 holes)

    Total unplated holes count 82
